2018/04/10 10:28:52.838 [I] 用户[ AF3DBB41935D4AC38A2401624D9F0F51 ] 申请赎回失败 
2018/04/10 10:28:52.975 [I] 用户[ 0EE454B27B8A4E79A38001624DA558AD ] 申请赎回失败 
2018/04/10 10:28:53.095 [I] 用户[ AE90DFACB18A488D8E7801624DA58549 ] 申请赎回失败 
2018/04/10 10:28:53.192 [I] 用户[ 8E499A170C8C40E88C3E01624DA542DD ] 申请赎回失败 
2018/04/10 10:28:53.289 [I] 用户[ 6622ED2C32E24146BBFB01624D9CD504 ] 申请赎回失败 
2018/04/10 10:28:53.409 [I] 用户[ 9B699B3F15BA4F30850E01624D9DB567 ] 申请赎回失败 
2018/04/10 10:28:53.508 [I] 用户[ 563B689BBBE34DF79D3301624DA399CA ] 申请赎回失败 
2018/04/10 10:28:53.628 [I] 用户[ 2E591741967443AFA26E01624D9D1D43 ] 申请赎回失败 
2018/04/10 10:28:53.723 [I] 用户[ 30837E83A2DF4E97B80801624D9D06B8 ] 申请赎回失败 
2018/04/10 10:28:53.822 [I] 用户[ 8446E70D19B541F5933C01624DA2CAB6 ] 申请赎回失败 
2018/04/10 10:28:53.929 [I] 用户[ D17EA57BA6C842ECABDE01624DA0853E ] 申请赎回失败 
2018/04/10 10:28:54.043 [I] 用户[ FB778DC977BA433FA38501624DA00E0F ] 申请赎回失败 
2018/04/10 10:28:54.144 [I] 用户[ 3BA5D34FD031473C8AEA01624DA514D4 ] 申请赎回失败 
2018/04/10 10:28:54.252 [I] 用户[ 90407329EB6D4CC7B06601624D9E548C ] 申请赎回失败 
2018/04/10 10:28:54.353 [I] 用户[ DB8F701942154D9EBB7801624D9D8A13 ] 申请赎回失败 
2018/04/10 10:28:54.456 [I] 用户[ 9BB48A9611444295853B01624DA14939 ] 申请赎回失败 
2018/04/10 10:28:54.557 [I] 用户[ 4B742C3775C141FE976901624DA4BD39 ] 申请赎回失败 
2018/04/10 10:28:54.649 [I] 用户[ 94A24D2ED66545D39EF101624D9D5D04 ] 申请赎回失败 
2018/04/10 10:28:54.743 [I] 用户[ 9A47D94A7C154F5A81EC01624DA193A7 ] 申请赎回失败 
2018/04/10 10:28:54.826 [I] 用户[ 886C64F9EB534EA69E2101624DA4D249 ] 申请赎回失败 
2018/04/10 10:28:54.911 [I] 用户[ EDB70947D25743449C2301624D9E3D64 ] 申请赎回失败 
2018/04/10 10:28:55.000 [I] 用户[ 4A69A8450C714F45A02501624DA59B14 ] 申请赎回失败 
2018/04/10 10:28:55.090 [I] 用户[ BB4CFCED41464DF0BE3401624D9C8B70 ] 申请赎回失败 
2018/04/10 10:28:55.178 [I] 用户[ 7A80811505DD4C10A39B01624DA17C36 ] 申请赎回失败 
2018/04/10 10:28:55.285 [I] 用户[ 458D52D1D78D4477872601624DA15E79 ] 申请赎回失败 
2018/04/10 10:28:55.370 [I] 用户[ 82B5CCB5A1844F41866101624DA12D52 ] 申请赎回失败 
2018/04/10 10:28:55.448 [I] 用户[ 938760DA7BB94F84B14B01624DA32B2C ] 申请赎回失败 
2018/04/10 10:28:55.531 [I] 用户[ E82FDBE76F284E9EB69001624DA29EF0 ] 申请赎回失败 
2018/04/10 10:28:55.623 [I] 用户[ 1BE69674646B41F2ACCB01624D9E2601 ] 申请赎回失败 
2018/04/10 10:28:55.712 [I] 用户[ D466C15A838E418B9AC801624DA384ED ] 申请赎回失败 
2018/04/10 10:28:55.796 [I] 用户[ 3658DF6ECB8044FDA28501624D9C3142 ] 申请赎回失败 
2018/04/10 10:28:55.903 [I] 用户[ EE427BF96A264333BE7801624D9FC8A2 ] 申请赎回失败 
2018/04/10 10:28:55.985 [I] 用户[ C33694D4E9D046199AA701624DA46722 ] 申请赎回失败 
2018/04/10 10:28:56.075 [I] 用户[ 27B9B31FD3B0493EB34001624DA451B4 ] 申请赎回失败 
2018/04/10 10:28:56.157 [I] 用户[ C33FE0D941B64F40A45501624D9EB23E ] 申请赎回失败 
2018/04/10 10:28:56.239 [I] 用户[ 3C0396D9FE89497EB09B01624D9D71C4 ] 申请赎回失败 
2018/04/10 10:28:56.335 [I] 用户[ 0FC773E1BAF647E5BC0C01624D9DCC92 ] 申请赎回失败 
2018/04/10 10:28:56.450 [I] 用户[ 7336173A091144FA8DE801624D9FB289 ] 申请赎回失败 
2018/04/10 10:28:56.539 [I] 用户[ 0593B0824DCD4635A00F01624D9FF64E ] 申请赎回失败 
2018/04/10 10:28:56.617 [I] 用户[ EDF0586CAC8443ADB81B01624D9E9D5D ] 申请赎回失败 
2018/04/10 10:28:56.702 [I] 用户[ 879CE046F78E40D08EA201624D9F83FB ] 申请赎回失败 
2018/04/10 10:28:56.789 [I] 用户[ 794690F22B5E46B0A84301624DA232AA ] 申请赎回失败 
2018/04/10 10:28:56.868 [I] 用户[ 6E74F2CDC2FB47A3B07B01624D9CBC27 ] 申请赎回失败 
2018/04/10 10:28:56.974 [I] 用户[ A4FA75A65B814606903801624DA1EC98 ] 申请赎回失败 
2018/04/10 10:28:57.056 [I] 用户[ 98FB2ABF97214585986F01624D9F992A ] 申请赎回失败 
2018/04/10 10:28:57.136 [I] 用户[ ADCABD9E74BE486CAD6D01624D9EC94A ] 申请赎回失败 
2018/04/10 10:28:57.248 [I] 用户[ 672D7965D6D94BBEB7D201624DA3B323 ] 申请赎回失败 
2018/04/10 10:28:57.355 [I] 用户[ 22F08508358E4BB0810601624DA2E248 ] 申请赎回失败 
2018/04/10 10:28:57.464 [I] 用户[ 7A557F9321624C20964301624DA1A908 ] 申请赎回失败 
2018/04/10 10:28:57.564 [I] 用户[ 2E009ADD60244AFBB5D301624DA03A06 ] 申请赎回失败 
2018/04/10 10:28:57.683 [I] 用户[ B78AF1A6B66843D3B66001624DA218C9 ] 申请赎回失败 
2018/04/10 10:28:57.795 [I] 用户[ DFB54EB903CD4A548A2F01624D9F2861 ] 申请赎回失败 
2018/04/10 10:28:57.890 [I] 用户[ 37B99A0C59E941A5A69001624DA31580 ] 申请赎回失败 
2018/04/10 10:28:57.993 [I] 用户[ B3A0DEA7EDBF4AAA96BF01624D9EE123 ] 申请赎回失败 
2018/04/10 10:28:58.096 [I] 用户[ 958076D0034B4E64993801624DA2020D ] 申请赎回失败 
2018/04/10 10:28:58.195 [I] 用户[ BA1596BA737C494EAAE201624D9F5799 ] 申请赎回失败 
2018/04/10 10:28:58.301 [I] 用户[ EDBE880028FE4A0BB70201624DA423AA ] 申请赎回失败 
2018/04/10 10:28:58.441 [I] 用户[ 51D05BABF9994F749A3901624DA1D695 ] 申请赎回失败 
2018/04/10 10:28:58.546 [I] 用户[ 75C65FFE4FB84F08B96301624DA57037 ] 申请赎回失败 
2018/04/10 10:28:58.638 [I] 用户[ 58A9B34FF029480AB99801624D9F6DA3 ] 申请赎回失败 
2018/04/10 10:28:58.728 [I] 用户[ ADDC5216EDDB41D4945901624D9CA3E7 ] 申请赎回失败 
2018/04/10 10:28:58.833 [I] 用户[ 237503A314274772A08301624D9D3285 ] 申请赎回失败 
2018/04/10 10:28:58.911 [I] 用户[ 8A7666BAD5684A64B1A001624D9D4765 ] 申请赎回失败 
2018/04/10 10:28:59.014 [I] 用户[ 5676A2D397814984A95901624D9E7FE6 ] 申请赎回失败 
2018/04/10 10:28:59.109 [I] 用户[ 150E0FB9BBF5453AB3C701624DA40C98 ] 申请赎回失败 
2018/04/10 10:28:59.216 [I] 用户[ 5D32679206574C8BB73401624DA3DEF4 ] 申请赎回失败 
2018/04/10 10:28:59.300 [I] 用户[ 1A4F64EBBED142EC8CCB01624DA3C9F7 ] 申请赎回失败 
2018/04/10 10:28:59.399 [I] 用户[ 99FF3D9312C14E8BA19401624DA0234C ] 申请赎回失败 
2018/04/10 10:28:59.499 [I] 用户[ 0AC1E5B7394944B783E301624DA25EC4 ] 申请赎回失败 
2018/04/10 10:28:59.588 [I] 用户[ EFAB68E25C9A41F1A81201624D9E1134 ] 申请赎回失败 
2018/04/10 10:28:59.687 [I] 用户[ AE47DEAABD8247E5AA8101624DA1C160 ] 申请赎回失败 
2018/04/10 10:28:59.785 [I] 用户[ 3185E7EAF0604A6D8B4F01624DA4FF58 ] 申请赎回失败 
2018/04/10 10:28:59.859 [I] 用户[ A4A1A135DC694C35A7AE01624DA27453 ] 申请赎回失败 
2018/04/10 10:28:59.947 [I] 用户[ DE7B467B8F194FEAAB9E01624D9E6B32 ] 申请赎回失败 
2018/04/10 10:29:00.066 [I] 用户[ 061BAD7771D54C998F6101624DA52C74 ] 申请赎回失败 
2018/04/10 10:29:00.182 [I] 用户[ B833D3CC129A4113989201624DA4E7E8 ] 申请赎回失败 
2018/04/10 10:29:00.292 [I] 用户[ A23694BD3B2D4265B6DB01624DA2FA1A ] 申请赎回失败 
2018/04/10 10:29:00.401 [I] 用户[ 9A0FE6E63588481E9F2501624DA2B44D ] 申请赎回失败 
2018/04/10 10:29:00.561 [I] 用户[ 2E8DBBC966AD41D182C901624D9C479B ] 申请赎回失败 
2018/04/10 10:29:00.636 [I] 用户[ DE8CA345DBA74FEAA6BB01624DA49145 ] 申请赎回失败 
2018/04/10 10:29:00.732 [I] 用户[ C0797052CD4843FDB4E101624DA06DCD ] 申请赎回失败 
2018/04/10 10:29:00.837 [I] 用户[ D2DB01A05A5E4FE795FE01624D9DA01F ] 申请赎回失败 
2018/04/10 10:29:00.924 [I] 用户[ 6973B386D9984F42A4A701624D9C1B29 ] 申请赎回失败 
2018/04/10 10:29:01.025 [I] 用户[ E0CA953AC8D5482D84F101624DA3F49A ] 申请赎回失败 
2018/04/10 10:29:01.120 [I] 用户[ E7387C7A22F44F6EBCB201624DA358E5 ] 申请赎回失败 
2018/04/10 10:29:01.223 [I] 用户[ 2DA70365C3C34C43831001624DA24962 ] 申请赎回失败 
2018/04/10 10:29:01.330 [I] 用户[ 1990D38FE79E423BB89C01624D9EF6AF ] 申请赎回失败 
2018/04/10 10:29:01.423 [I] 用户[ CAA67A8B01DF42B68A1E01624DA4A674 ] 申请赎回失败 
2018/04/10 10:29:01.508 [I] 用户[ C326D531C1C540AEB82301624DA36F8E ] 申请赎回失败 
2018/04/10 10:29:01.611 [I] 用户[ 0BE3002BF57B449FA0A501624D9DE2C4 ] 申请赎回失败 
2018/04/10 10:29:01.694 [I] 用户[ 760F49C567C0469D99BC01624D9C5D0B ] 申请赎回失败 
2018/04/10 10:29:01.814 [I] 用户[ 5775B2F274744247A52A01624D9FE0EF ] 申请赎回失败 
2018/04/10 10:29:01.913 [I] 用户[ 364495C481FF4342A09801624DA28953 ] 申请赎回失败 
2018/04/10 10:29:01.993 [I] 用户[ 60023DC300724420A2AA01624DA43B2B ] 申请赎回失败 
2018/04/10 10:29:02.102 [I] 用户[ FDB79D4C5E534285ABC201624D9C747E ] 申请赎回失败 
2018/04/10 10:29:02.211 [I] 用户[ E6D72B6574B94010B77101624DA47C51 ] 申请赎回失败 
2018/04/10 10:29:02.327 [I] 用户[ F999EAAC69AB4766978D01624D9F3FFC ] 申请赎回失败 
2018/04/10 10:29:02.431 [I] 用户[ 20714F90DD5B4FE5875E01624D9CEFC0 ] 申请赎回失败 
2018/04/10 10:29:02.517 [I] 用户[ 20130043F6BD4351BF1D01624DA340C9 ] 申请赎回失败 
2018/04/10 10:29:14.386 [I] 用户[ 7A80811505DD4C10A39B01624DA17C36 ] 申请赎回失败 
2018/04/10 10:29:14.493 [I] 用户[ 82B5CCB5A1844F41866101624DA12D52 ] 申请赎回失败 
2018/04/10 10:29:14.597 [I] 用户[ 938760DA7BB94F84B14B01624DA32B2C ] 申请赎回失败 
2018/04/10 10:29:14.713 [I] 用户[ AF3DBB41935D4AC38A2401624D9F0F51 ] 申请赎回失败 
2018/04/10 10:29:14.828 [I] 用户[ E82FDBE76F284E9EB69001624DA29EF0 ] 申请赎回失败 
2018/04/10 10:29:14.936 [I] 用户[ 1BE69674646B41F2ACCB01624D9E2601 ] 申请赎回失败 
2018/04/10 10:29:15.063 [I] 用户[ D466C15A838E418B9AC801624DA384ED ] 申请赎回失败 
2018/04/10 10:29:15.177 [I] 用户[ 3658DF6ECB8044FDA28501624D9C3142 ] 申请赎回失败 
2018/04/10 10:29:15.300 [I] 用户[ C33694D4E9D046199AA701624DA46722 ] 申请赎回失败 
2018/04/10 10:29:15.415 [I] 用户[ 27B9B31FD3B0493EB34001624DA451B4 ] 申请赎回失败 
2018/04/10 10:29:15.519 [I] 用户[ C33FE0D941B64F40A45501624D9EB23E ] 申请赎回失败 
2018/04/10 10:29:15.635 [I] 用户[ 3C0396D9FE89497EB09B01624D9D71C4 ] 申请赎回失败 
2018/04/10 10:29:15.752 [I] 用户[ 0FC773E1BAF647E5BC0C01624D9DCC92 ] 申请赎回失败 
2018/04/10 10:29:15.876 [I] 用户[ 0593B0824DCD4635A00F01624D9FF64E ] 申请赎回失败 
2018/04/10 10:29:15.994 [I] 用户[ EDF0586CAC8443ADB81B01624D9E9D5D ] 申请赎回失败 
2018/04/10 10:29:16.119 [I] 用户[ 879CE046F78E40D08EA201624D9F83FB ] 申请赎回失败 
2018/04/10 10:29:16.245 [I] 用户[ 794690F22B5E46B0A84301624DA232AA ] 申请赎回失败 
2018/04/10 10:29:16.354 [I] 用户[ 6E74F2CDC2FB47A3B07B01624D9CBC27 ] 申请赎回失败 
2018/04/10 10:29:16.500 [I] 用户[ 98FB2ABF97214585986F01624D9F992A ] 申请赎回失败 
2018/04/10 10:29:16.628 [I] 用户[ ADCABD9E74BE486CAD6D01624D9EC94A ] 申请赎回失败 
2018/04/10 10:29:16.707 [I] 用户[ 0EE454B27B8A4E79A38001624DA558AD ] 申请赎回失败 
2018/04/10 10:29:16.814 [I] 用户[ AE90DFACB18A488D8E7801624DA58549 ] 申请赎回失败 
2018/04/10 10:29:16.903 [I] 用户[ 8E499A170C8C40E88C3E01624DA542DD ] 申请赎回失败 
2018/04/10 10:29:16.998 [I] 用户[ 6622ED2C32E24146BBFB01624D9CD504 ] 申请赎回失败 
2018/04/10 10:29:17.086 [I] 用户[ 9B699B3F15BA4F30850E01624D9DB567 ] 申请赎回失败 
2018/04/10 10:29:17.183 [I] 用户[ 563B689BBBE34DF79D3301624DA399CA ] 申请赎回失败 
2018/04/10 10:29:17.290 [I] 用户[ 2E591741967443AFA26E01624D9D1D43 ] 申请赎回失败 
2018/04/10 10:29:17.379 [I] 用户[ 30837E83A2DF4E97B80801624D9D06B8 ] 申请赎回失败 
2018/04/10 10:29:17.475 [I] 用户[ 8446E70D19B541F5933C01624DA2CAB6 ] 申请赎回失败 
2018/04/10 10:29:17.566 [I] 用户[ D17EA57BA6C842ECABDE01624DA0853E ] 申请赎回失败 
2018/04/10 10:29:17.676 [I] 用户[ FB778DC977BA433FA38501624DA00E0F ] 申请赎回失败 
2018/04/10 10:29:17.771 [I] 用户[ 3BA5D34FD031473C8AEA01624DA514D4 ] 申请赎回失败 
2018/04/10 10:29:17.876 [I] 用户[ 90407329EB6D4CC7B06601624D9E548C ] 申请赎回失败 
2018/04/10 10:29:17.969 [I] 用户[ DB8F701942154D9EBB7801624D9D8A13 ] 申请赎回失败 
2018/04/10 10:29:18.050 [I] 用户[ 9BB48A9611444295853B01624DA14939 ] 申请赎回失败 
2018/04/10 10:29:18.136 [I] 用户[ 4B742C3775C141FE976901624DA4BD39 ] 申请赎回失败 
2018/04/10 10:29:18.216 [I] 用户[ 94A24D2ED66545D39EF101624D9D5D04 ] 申请赎回失败 
2018/04/10 10:29:18.297 [I] 用户[ 9A47D94A7C154F5A81EC01624DA193A7 ] 申请赎回失败 
2018/04/10 10:29:18.374 [I] 用户[ 886C64F9EB534EA69E2101624DA4D249 ] 申请赎回失败 
2018/04/10 10:29:18.457 [I] 用户[ EDB70947D25743449C2301624D9E3D64 ] 申请赎回失败 
2018/04/10 10:29:18.542 [I] 用户[ 4A69A8450C714F45A02501624DA59B14 ] 申请赎回失败 
2018/04/10 10:29:18.737 [I] 用户[ BB4CFCED41464DF0BE3401624D9C8B70 ] 申请赎回失败 
2018/04/10 10:29:18.825 [I] 用户[ 458D52D1D78D4477872601624DA15E79 ] 申请赎回失败 
2018/04/10 10:29:18.924 [I] 用户[ EE427BF96A264333BE7801624D9FC8A2 ] 申请赎回失败 
2018/04/10 10:29:19.033 [I] 用户[ 7336173A091144FA8DE801624D9FB289 ] 申请赎回失败 
2018/04/10 10:29:19.140 [I] 用户[ A4FA75A65B814606903801624DA1EC98 ] 申请赎回失败 
2018/04/10 10:29:19.243 [I] 用户[ 672D7965D6D94BBEB7D201624DA3B323 ] 申请赎回失败 
2018/04/10 10:29:19.347 [I] 用户[ 22F08508358E4BB0810601624DA2E248 ] 申请赎回失败 
2018/04/10 10:29:19.442 [I] 用户[ 7A557F9321624C20964301624DA1A908 ] 申请赎回失败 
2018/04/10 10:29:19.533 [I] 用户[ 2E009ADD60244AFBB5D301624DA03A06 ] 申请赎回失败 
2018/04/10 10:29:19.623 [I] 用户[ B78AF1A6B66843D3B66001624DA218C9 ] 申请赎回失败 
2018/04/10 10:29:19.703 [I] 用户[ DFB54EB903CD4A548A2F01624D9F2861 ] 申请赎回失败 
2018/04/10 10:29:19.792 [I] 用户[ 37B99A0C59E941A5A69001624DA31580 ] 申请赎回失败 
2018/04/10 10:29:19.882 [I] 用户[ B3A0DEA7EDBF4AAA96BF01624D9EE123 ] 申请赎回失败 
2018/04/10 10:29:19.974 [I] 用户[ 958076D0034B4E64993801624DA2020D ] 申请赎回失败 
2018/04/10 10:29:20.069 [I] 用户[ BA1596BA737C494EAAE201624D9F5799 ] 申请赎回失败 
2018/04/10 10:29:20.164 [I] 用户[ EDBE880028FE4A0BB70201624DA423AA ] 申请赎回失败 
2018/04/10 10:29:20.258 [I] 用户[ 51D05BABF9994F749A3901624DA1D695 ] 申请赎回失败 
2018/04/10 10:29:20.355 [I] 用户[ 75C65FFE4FB84F08B96301624DA57037 ] 申请赎回失败 
2018/04/10 10:29:20.437 [I] 用户[ 58A9B34FF029480AB99801624D9F6DA3 ] 申请赎回失败 
2018/04/10 10:29:20.506 [I] 用户[ ADDC5216EDDB41D4945901624D9CA3E7 ] 申请赎回失败 
2018/04/10 10:29:20.603 [I] 用户[ 237503A314274772A08301624D9D3285 ] 申请赎回失败 
2018/04/10 10:29:20.680 [I] 用户[ 8A7666BAD5684A64B1A001624D9D4765 ] 申请赎回失败 
2018/04/10 10:29:20.769 [I] 用户[ 5676A2D397814984A95901624D9E7FE6 ] 申请赎回失败 
2018/04/10 10:29:20.856 [I] 用户[ 150E0FB9BBF5453AB3C701624DA40C98 ] 申请赎回失败 
2018/04/10 10:29:20.953 [I] 用户[ 5D32679206574C8BB73401624DA3DEF4 ] 申请赎回失败 
2018/04/10 10:29:21.090 [I] 用户[ 1A4F64EBBED142EC8CCB01624DA3C9F7 ] 申请赎回失败 
2018/04/10 10:29:21.176 [I] 用户[ 99FF3D9312C14E8BA19401624DA0234C ] 申请赎回失败 
2018/04/10 10:29:21.269 [I] 用户[ 0AC1E5B7394944B783E301624DA25EC4 ] 申请赎回失败 
2018/04/10 10:29:21.350 [I] 用户[ EFAB68E25C9A41F1A81201624D9E1134 ] 申请赎回失败 
2018/04/10 10:29:21.446 [I] 用户[ AE47DEAABD8247E5AA8101624DA1C160 ] 申请赎回失败 
2018/04/10 10:29:21.531 [I] 用户[ 3185E7EAF0604A6D8B4F01624DA4FF58 ] 申请赎回失败 
2018/04/10 10:29:21.598 [I] 用户[ A4A1A135DC694C35A7AE01624DA27453 ] 申请赎回失败 
2018/04/10 10:29:21.675 [I] 用户[ DE7B467B8F194FEAAB9E01624D9E6B32 ] 申请赎回失败 
2018/04/10 10:29:21.776 [I] 用户[ 061BAD7771D54C998F6101624DA52C74 ] 申请赎回失败 
2018/04/10 10:29:21.875 [I] 用户[ B833D3CC129A4113989201624DA4E7E8 ] 申请赎回失败 
2018/04/10 10:29:21.972 [I] 用户[ A23694BD3B2D4265B6DB01624DA2FA1A ] 申请赎回失败 
2018/04/10 10:29:22.071 [I] 用户[ 9A0FE6E63588481E9F2501624DA2B44D ] 申请赎回失败 
2018/04/10 10:29:22.163 [I] 用户[ 2E8DBBC966AD41D182C901624D9C479B ] 申请赎回失败 
2018/04/10 10:29:22.240 [I] 用户[ DE8CA345DBA74FEAA6BB01624DA49145 ] 申请赎回失败 
2018/04/10 10:29:22.333 [I] 用户[ C0797052CD4843FDB4E101624DA06DCD ] 申请赎回失败 
2018/04/10 10:29:22.432 [I] 用户[ D2DB01A05A5E4FE795FE01624D9DA01F ] 申请赎回失败 
2018/04/10 10:29:22.523 [I] 用户[ 6973B386D9984F42A4A701624D9C1B29 ] 申请赎回失败 
2018/04/10 10:29:22.621 [I] 用户[ E0CA953AC8D5482D84F101624DA3F49A ] 申请赎回失败 
2018/04/10 10:29:22.711 [I] 用户[ E7387C7A22F44F6EBCB201624DA358E5 ] 申请赎回失败 
2018/04/10 10:29:22.817 [I] 用户[ 2DA70365C3C34C43831001624DA24962 ] 申请赎回失败 
2018/04/10 10:29:22.917 [I] 用户[ 1990D38FE79E423BB89C01624D9EF6AF ] 申请赎回失败 
2018/04/10 10:29:23.018 [I] 用户[ CAA67A8B01DF42B68A1E01624DA4A674 ] 申请赎回失败 
2018/04/10 10:29:23.104 [I] 用户[ C326D531C1C540AEB82301624DA36F8E ] 申请赎回失败 
2018/04/10 10:29:23.204 [I] 用户[ 0BE3002BF57B449FA0A501624D9DE2C4 ] 申请赎回失败 
2018/04/10 10:29:23.284 [I] 用户[ 760F49C567C0469D99BC01624D9C5D0B ] 申请赎回失败 
2018/04/10 10:29:23.402 [I] 用户[ 5775B2F274744247A52A01624D9FE0EF ] 申请赎回失败 
2018/04/10 10:29:23.503 [I] 用户[ 364495C481FF4342A09801624DA28953 ] 申请赎回失败 
2018/04/10 10:29:23.585 [I] 用户[ 60023DC300724420A2AA01624DA43B2B ] 申请赎回失败 
2018/04/10 10:29:23.691 [I] 用户[ FDB79D4C5E534285ABC201624D9C747E ] 申请赎回失败 
2018/04/10 10:29:23.799 [I] 用户[ E6D72B6574B94010B77101624DA47C51 ] 申请赎回失败 
2018/04/10 10:29:23.915 [I] 用户[ F999EAAC69AB4766978D01624D9F3FFC ] 申请赎回失败 
2018/04/10 10:29:24.022 [I] 用户[ 20714F90DD5B4FE5875E01624D9CEFC0 ] 申请赎回失败 
2018/04/10 10:29:24.108 [I] 用户[ 20130043F6BD4351BF1D01624DA340C9 ] 申请赎回失败 
