2018/04/28 08:48:45.315 [I] 用户[ 8E0C2C71A1344057824A01626537B1BA ] 申请赎回失败 
2018/04/28 08:48:45.660 [I] 用户[ F7AC5AC2FFA14E7CA3B401626513658C ] 申请赎回失败 
2018/04/28 08:48:45.914 [I] 用户[ 54525BB948A94478B84D0162650DD767 ] 申请赎回失败 
2018/04/28 08:48:46.337 [I] 用户[ F4C6CDCA781A4AADBF100162653C1E5D ] 申请赎回失败 
2018/04/28 08:48:46.459 [I] 用户[ C340420EA18048AB846F016265159702 ] 申请赎回失败 
2018/04/28 08:48:47.089 [I] 用户[ 99BC2E42573740E0956701626538296F ] 申请赎回失败 
2018/04/28 08:48:47.214 [I] 用户[ F00F95CF9ECA4373A0CD0162651096F5 ] 申请赎回失败 
2018/04/28 08:48:47.808 [I] 用户[ 034F954610CA495D82C901626512A384 ] 申请赎回失败 
2018/04/28 08:48:48.820 [I] 用户[ 6EEF60D52E93498789030162653C2008 ] 申请赎回失败 
2018/04/28 08:48:49.264 [I] 用户[ D500B4194C6C405A9B170162650F9AA9 ] 申请赎回失败 
2018/04/28 08:48:50.046 [I] 用户[ 75C216FF64BE4E64B1F40162651060D1 ] 申请赎回失败 
2018/04/28 08:48:50.580 [I] 用户[ 41F1B2B72690476EB5C90162653B143E ] 申请赎回失败 
2018/04/28 08:48:50.696 [I] 用户[ B6BD3A185EEC4FCE97330162650DDDB1 ] 申请赎回失败 
2018/04/28 08:48:50.980 [I] 用户[ 5A65B6191CA74B84A0E9016265119231 ] 申请赎回失败 
2018/04/28 08:48:51.417 [I] 用户[ 57EFA73BD25C42CDA37A01626515821D ] 申请赎回失败 
2018/04/28 08:48:51.651 [I] 用户[ C6A5FE6DBEFC498B96AD0162653803D2 ] 申请赎回失败 
2018/04/28 08:48:51.774 [I] 用户[ 8BEB4ED78E5949B4B83401626538C695 ] 申请赎回失败 
2018/04/28 08:48:51.880 [I] 用户[ BDDFCFAE02A54872AF510162653C7D2D ] 申请赎回失败 
2018/04/28 08:48:52.003 [I] 用户[ 5C8F45A75D3348CC8088016265176B17 ] 申请赎回失败 
2018/04/28 08:48:52.246 [I] 用户[ 197E94E370AB484FB6E5016265119E37 ] 申请赎回失败 
2018/04/28 08:48:52.375 [I] 用户[ 3E973C10C84E41BAA1920162653A1F13 ] 申请赎回失败 
2018/04/28 08:48:52.516 [I] 用户[ D0E90B28359B42E5A6EF0162653B44EB ] 申请赎回失败 
2018/04/28 08:48:52.648 [I] 用户[ D95E5E29915048AB9FDC01626539F283 ] 申请赎回失败 
2018/04/28 08:48:53.278 [I] 用户[ 72E8F74CDF4F4FADBD47016265132A28 ] 申请赎回失败 
2018/04/28 08:48:53.398 [I] 用户[ F6FEA34508DC4EAC959201626515C547 ] 申请赎回失败 
2018/04/28 08:48:53.532 [I] 用户[ 113BF8FE58694CDD99A7016265177113 ] 申请赎回失败 
2018/04/28 08:48:53.975 [I] 用户[ BFE00EF34E784EE0A5300162650F51F6 ] 申请赎回失败 
2018/04/28 08:48:54.118 [I] 用户[ 1CE866A180B842198E5001626512543A ] 申请赎回失败 
2018/04/28 08:48:54.277 [I] 用户[ D023447CCCD14982A5C701626510CFF8 ] 申请赎回失败 
2018/04/28 08:48:54.575 [I] 用户[ 4DB157A5B40945D5B5780162650D2A40 ] 申请赎回失败 
2018/04/28 08:48:54.838 [I] 用户[ A5CEE23087414294980D016265175E26 ] 申请赎回失败 
2018/04/28 08:48:55.094 [I] 用户[ 3939C586967C46CFA00801626536A211 ] 申请赎回失败 
2018/04/28 08:48:55.373 [I] 用户[ 58E2064C27F54A38BD4601626539E938 ] 申请赎回失败 
2018/04/28 08:48:55.517 [I] 用户[ 5A9BE9B3812D4DBD8C360162653C17CA ] 申请赎回失败 
2018/04/28 08:48:55.930 [I] 用户[ E18B9C5A321948ED9A8C016265121413 ] 申请赎回失败 
2018/04/28 08:48:56.070 [I] 用户[ D162F46F593043F6A10A0162651564A6 ] 申请赎回失败 
2018/04/28 08:48:56.348 [I] 用户[ 023E2D7DD9704D78B04D0162653B60EC ] 申请赎回失败 
2018/04/28 08:48:56.763 [I] 用户[ DA1B77B1D6BC49379814016265374F34 ] 申请赎回失败 
2018/04/28 08:48:56.905 [I] 用户[ F93FE062178B4873863301626514C2D9 ] 申请赎回失败 
2018/04/28 08:48:57.044 [I] 用户[ 5A07C328161141199C5201626516F4EC ] 申请赎回失败 
2018/04/28 08:48:57.330 [I] 用户[ 2B186D7BDB864B8B9F0C016265112D7E ] 申请赎回失败 
2018/04/28 08:48:57.454 [I] 用户[ 24D4813F19EF4C689CC70162653A3B65 ] 申请赎回失败 
2018/04/28 08:48:57.706 [I] 用户[ 0C0EE280827644E689EA016265142401 ] 申请赎回失败 
2018/04/28 08:48:57.958 [I] 用户[ 5070C1EB578146508A8F0162653A2D1D ] 申请赎回失败 
2018/04/28 08:48:58.361 [I] 用户[ DD0AD121E81B46AF9CAE016265372D31 ] 申请赎回失败 
2018/04/28 08:48:58.490 [I] 用户[ 986AB23076224F6BB2050162653D086E ] 申请赎回失败 
2018/04/28 08:48:59.161 [I] 用户[ 09D5D10C6C6D48558710016265104671 ] 申请赎回失败 
2018/04/28 08:48:59.281 [I] 用户[ C92928E2044548DEAE120162650F85FD ] 申请赎回失败 
2018/04/28 08:48:59.412 [I] 用户[ 96FDE56D1FCF4D68AAA70162650E06A6 ] 申请赎回失败 
2018/04/28 08:48:59.832 [I] 用户[ 104ABC6B9B194887BCE70162653622B8 ] 申请赎回失败 
2018/04/28 08:48:59.978 [I] 用户[ FE7CFBC2F93740878A95016265380AA0 ] 申请赎回失败 
2018/04/28 08:49:00.115 [I] 用户[ 0C01BB96FB6449D782080162651017B0 ] 申请赎回失败 
2018/04/28 08:49:00.245 [I] 用户[ 4279DAF7D13843A9AC430162650E362D ] 申请赎回失败 
2018/04/28 08:49:00.562 [I] 用户[ E17EEFF9209A490081E801626537A340 ] 申请赎回失败 
2018/04/28 08:49:00.874 [I] 用户[ 7D596DA10E3B464F9C85016265134293 ] 申请赎回失败 
2018/04/28 08:49:01.544 [I] 用户[ A62BAB2D5E654B768B14016265376A12 ] 申请赎回失败 
2018/04/28 08:49:01.687 [I] 用户[ 1891CD802F9D417BBA5A0162653B51A9 ] 申请赎回失败 
2018/04/28 08:49:01.834 [I] 用户[ 1F66B83304DE44508EED01626538D6CC ] 申请赎回失败 
2018/04/28 08:49:01.980 [I] 用户[ 2DE061A9D61242BBBAE30162653C459D ] 申请赎回失败 
2018/04/28 08:49:02.133 [I] 用户[ A3C85B5621B646C9BB8E0162650EE283 ] 申请赎回失败 
2018/04/28 08:49:02.255 [I] 用户[ E6C4704208F348458BCE01626515187E ] 申请赎回失败 
2018/04/28 08:49:02.376 [I] 用户[ 3CA43D771D3448FDA1D3016265110B5A ] 申请赎回失败 
2018/04/28 08:49:02.520 [I] 用户[ 68FA5EE6E84046E587EB01626536B57B ] 申请赎回失败 
2018/04/28 08:49:02.662 [I] 用户[ 8C8B064051B44570A0BF016265363AED ] 申请赎回失败 
2018/04/28 08:49:02.782 [I] 用户[ C78526ED24644010B6E10162650F44D4 ] 申请赎回失败 
2018/04/28 08:49:03.174 [I] 用户[ B28084948EB74DE891AF01626539C44D ] 申请赎回失败 
2018/04/28 08:49:03.491 [I] 用户[ 9950CD09BB064BEE93E90162650F6ED5 ] 申请赎回失败 
2018/04/28 08:49:03.642 [I] 用户[ A27BAEF689014013B95101626511B79B ] 申请赎回失败 
2018/04/28 08:49:03.765 [I] 用户[ FE1752721A82482BB3900162653886F1 ] 申请赎回失败 
2018/04/28 08:49:03.905 [I] 用户[ F4D78F8BAC754E39AA8E016265129585 ] 申请赎回失败 
2018/04/28 08:49:04.045 [I] 用户[ F818176957204295BC0301626537D8B6 ] 申请赎回失败 
2018/04/28 08:49:04.184 [I] 用户[ 89924B8618D443319586016265373B69 ] 申请赎回失败 
2018/04/28 08:49:04.469 [I] 用户[ C24ED5640C874FE0843F0162651744E2 ] 申请赎回失败 
2018/04/28 08:49:04.593 [I] 用户[ 67581BF88DC6419AB0480162653A07EE ] 申请赎回失败 
2018/04/28 08:49:04.715 [I] 用户[ F590462B4A53429292BB016265385606 ] 申请赎回失败 
2018/04/28 08:49:05.036 [I] 用户[ 633B846CEDBA43E199CF016265108A70 ] 申请赎回失败 
2018/04/28 08:49:05.167 [I] 用户[ 5F7ED993EBEE439B819301626511E254 ] 申请赎回失败 
2018/04/28 08:49:05.309 [I] 用户[ E723ADB3A95F4780B9640162653C8656 ] 申请赎回失败 
2018/04/28 08:49:05.461 [I] 用户[ C9E5C43AE445495497C80162653B09FD ] 申请赎回失败 
2018/04/28 08:49:05.603 [I] 用户[ 73550B61A5B64190B7F30162653A7980 ] 申请赎回失败 
2018/04/28 08:49:05.741 [I] 用户[ 8F6839E495414F5DAB0A01626511087B ] 申请赎回失败 
2018/04/28 08:49:05.859 [I] 用户[ D80DF03FB6034C118E7701626512518B ] 申请赎回失败 
2018/04/28 08:49:06.321 [I] 用户[ 040A22FC04C04C2D8E070162650EE39D ] 申请赎回失败 
2018/04/28 08:49:06.464 [I] 用户[ 5B256825E0B84ECEBA8D01626539DAD2 ] 申请赎回失败 
2018/04/28 08:49:06.606 [I] 用户[ 3799A939B25345E6AC9501626513B39E ] 申请赎回失败 
