2018/04/16 15:26:31.831 [I] 用户[ 1589BCB353334FA18196016262A78D73 ] 申请赎回失败 
2018/04/16 15:26:31.937 [I] 用户[ 0D215F9F2C8B45A4BAE10162291B7DCC ] 申请赎回失败 
2018/04/16 15:26:31.994 [I] 用户[ 5D808CEA096F484C9E950162290F78A8 ] 申请赎回失败 
2018/04/16 15:26:32.060 [I] 用户[ 9B031805718F4307BE0B01626290A553 ] 申请赎回失败 
2018/04/16 15:26:32.117 [I] 用户[ F5A0D45FA6BD4B0BA02B016229106BC3 ] 申请赎回失败 
2018/04/16 15:26:32.179 [I] 用户[ A61A61567DD94A07A3EC0162185FBA65 ] 申请赎回失败 
2018/04/16 15:26:32.246 [I] 用户[ 70C8D983892440BFAC65016215316F8A ] 申请赎回失败 
2018/04/16 15:26:32.319 [I] 用户[ CEC6C3E93418448D80B501622917EE8A ] 申请赎回失败 
2018/04/16 15:26:32.380 [I] 用户[ C74CE82F77694B7AAF9501622925E457 ] 申请赎回失败 
2018/04/16 15:26:32.450 [I] 用户[ 8975233068A64F888BA601622912BA50 ] 申请赎回失败 
2018/04/16 15:26:32.522 [I] 用户[ 7515A0E0FDAF42A3A3CB016229252A55 ] 申请赎回失败 
2018/04/16 15:26:32.600 [I] 用户[ 17592CCBBCD24312B21E016262A77A2E ] 申请赎回失败 
2018/04/16 15:26:32.664 [I] 用户[ 6786A33408AF45B8B08F016229288AB4 ] 申请赎回失败 
2018/04/16 15:26:32.721 [I] 用户[ 540263D7003D442B89F8016262AD3AE1 ] 申请赎回失败 
2018/04/16 15:26:32.783 [I] 用户[ 9B5C34F8FC1D46F18991016262BE2711 ] 申请赎回失败 
2018/04/16 15:26:32.859 [I] 用户[ 8B5EE1D8C9FE4228BFFF016229101A6E ] 申请赎回失败 
2018/04/16 15:26:32.931 [I] 用户[ 2D26753F2AA74511B97D016215424107 ] 申请赎回失败 
2018/04/16 15:26:33.001 [I] 用户[ DDE316AF96CE4074AFE20162150BE078 ] 申请赎回失败 
2018/04/16 15:26:33.066 [I] 用户[ C84F73B5271E4D39AE0901622913F539 ] 申请赎回失败 
2018/04/16 15:26:33.139 [I] 用户[ B858A7B01B464F05B912016229125773 ] 申请赎回失败 
2018/04/16 15:26:33.213 [I] 用户[ 743F67DDD2EC42A9BCE6016229272670 ] 申请赎回失败 
2018/04/16 15:26:33.270 [I] 用户[ 52A5BB10A8474647B3A5016229163F47 ] 申请赎回失败 
2018/04/16 15:26:33.345 [I] 用户[ 434BA5EA99804C439F1D01626295D7AF ] 申请赎回失败 
2018/04/16 15:26:33.412 [I] 用户[ 873D18A59404407CB9340162629D996E ] 申请赎回失败 
2018/04/16 15:26:33.471 [I] 用户[ 34B31FD703B64E93AD480162150B9E41 ] 申请赎回失败 
2018/04/16 15:26:33.527 [I] 用户[ 3A28F6CDE3FF4B0EBA530162292A86D9 ] 申请赎回失败 
2018/04/16 15:26:33.670 [I] 用户[ D19B19E0054D46998B0201621856F81C ] 申请赎回失败 
2018/04/16 15:26:33.734 [I] 用户[ 2C60671E415649B682200162185F043F ] 申请赎回失败 
2018/04/16 15:26:33.821 [I] 用户[ 15FD626957314BE087EE01621855F4C8 ] 申请赎回失败 
2018/04/16 15:26:33.884 [I] 用户[ 063A5C12C870418AACCE0162629D6713 ] 申请赎回失败 
2018/04/16 15:26:33.951 [I] 用户[ 6D6F9061D3D3423C95E3016262B8B669 ] 申请赎回失败 
2018/04/16 15:26:34.016 [I] 用户[ D1A262B73522493A97700162628C25F6 ] 申请赎回失败 
2018/04/16 15:26:34.081 [I] 用户[ 081BD78BCD5A4F3E83D90162185EC3AA ] 申请赎回失败 
2018/04/16 15:26:34.195 [I] 用户[ 8F2B92302082430E9704016262C307B7 ] 申请赎回失败 
2018/04/16 15:26:34.267 [I] 用户[ 295583D76DB64B188E7E016262BD21EB ] 申请赎回失败 
2018/04/16 15:26:34.334 [I] 用户[ 2C840DE799CF424CAC75016229246EFE ] 申请赎回失败 
2018/04/16 15:26:34.394 [I] 用户[ B6BE996B2037482CAED101621859867C ] 申请赎回失败 
2018/04/16 15:26:34.458 [I] 用户[ 8417715F65944A72A3E701622910D884 ] 申请赎回失败 
2018/04/16 15:26:34.529 [I] 用户[ A461B302767C45BBA4D60162151D395D ] 申请赎回失败 
2018/04/16 15:26:34.589 [I] 用户[ C80B5308E657444D95ED0162628F8180 ] 申请赎回失败 
2018/04/16 15:26:34.654 [I] 用户[ 1B27AAE63EEA4D3F91740162291A1176 ] 申请赎回失败 
2018/04/16 15:26:34.723 [I] 用户[ B15F9CABE4624BCA874B01621511065E ] 申请赎回失败 
2018/04/16 15:26:34.789 [I] 用户[ 08321002771F45429627016262A14DCB ] 申请赎回失败 
2018/04/16 15:26:34.854 [I] 用户[ 14D4F486C54F4D4D8AB901621542562A ] 申请赎回失败 
2018/04/16 15:26:34.923 [I] 用户[ D26E765AC54645F780FD016262C0E4FF ] 申请赎回失败 
2018/04/16 15:26:34.991 [I] 用户[ 1DAB4859F61F4DD9B67101622926F059 ] 申请赎回失败 
2018/04/16 15:26:35.062 [I] 用户[ 48857E6F8DA6425CB6EE016229163B21 ] 申请赎回失败 
2018/04/16 15:26:35.126 [I] 用户[ 9F6C6C695D0340B2B732016262C2C7AD ] 申请赎回失败 
2018/04/16 15:26:35.196 [I] 用户[ 315ECD90BF9A48CA8FDD016215140D48 ] 申请赎回失败 
2018/04/16 15:26:35.255 [I] 用户[ E557A8E58BAD4946A7FA016262A15BC5 ] 申请赎回失败 
2018/04/16 15:26:35.325 [I] 用户[ 8A90EB1DBA724E228483016229262DE0 ] 申请赎回失败 
2018/04/16 15:26:35.387 [I] 用户[ 372945E12B6441D9AA200162292757EA ] 申请赎回失败 
2018/04/16 15:26:35.463 [I] 用户[ 7FA5048F7A6940ECA1A80162292BD6C8 ] 申请赎回失败 
2018/04/16 15:26:35.535 [I] 用户[ 7BA0974CBF644BF2B61B01626295908B ] 申请赎回失败 
2018/04/16 15:26:35.602 [I] 用户[ 4135B0A35F70431EA341016262C582F4 ] 申请赎回失败 
2018/04/16 15:26:35.672 [I] 用户[ 924930CB83C1439286EB016262B8EC00 ] 申请赎回失败 
2018/04/16 15:26:35.743 [I] 用户[ 97AA4EE1C47E4F57812201626295DE29 ] 申请赎回失败 
2018/04/16 15:26:35.808 [I] 用户[ 7FF9BFC9EA0B4C14AC620162629D22D4 ] 申请赎回失败 
2018/04/16 15:26:35.880 [I] 用户[ D1EA6C9896484C2E819301626296BF09 ] 申请赎回失败 
2018/04/16 15:26:35.979 [I] 用户[ 9CF1CE040E904F0CB92D016262B45B1E ] 申请赎回失败 
2018/04/16 15:26:36.052 [I] 用户[ 4511DF2D2E474B3C9D1F016262C6D380 ] 申请赎回失败 
2018/04/16 15:26:36.123 [I] 用户[ 110CDDCF3F344946BA4F01622916D913 ] 申请赎回失败 
2018/04/16 15:26:36.197 [I] 用户[ 0057CE39411E48C7BF840162185CB7DA ] 申请赎回失败 
2018/04/16 15:26:36.276 [I] 用户[ B14FED14DE344941B16C0162291E7231 ] 申请赎回失败 
2018/04/16 15:26:36.350 [I] 用户[ 4A3D741C1ACE41CB9EE90162292A4519 ] 申请赎回失败 
2018/04/16 15:26:36.412 [I] 用户[ 43C16FB0394A4E7A9AB00162628D8838 ] 申请赎回失败 
2018/04/16 15:26:36.486 [I] 用户[ 84F36A2CD5DF4F94A530016218569C87 ] 申请赎回失败 
2018/04/16 15:26:36.554 [I] 用户[ 18129EC3928740A3A8680162629A9479 ] 申请赎回失败 
2018/04/16 15:26:36.625 [I] 用户[ FEB3110AECC042F8AB070162152EC1A7 ] 申请赎回失败 
2018/04/16 15:26:36.700 [I] 用户[ 66E00CE5549B42808E01016262C6B47D ] 申请赎回失败 
2018/04/16 15:26:36.768 [I] 用户[ EAE06EBEE3594091A8370162629D6F90 ] 申请赎回失败 
2018/04/16 15:26:36.843 [I] 用户[ 70BFEB87238A4CFF834C0162292D8882 ] 申请赎回失败 
2018/04/16 15:26:36.918 [I] 用户[ 94148D51ECC34FB8B479016262B189F7 ] 申请赎回失败 
2018/04/16 15:26:36.983 [I] 用户[ EF441F7A60F248878C370162152C32FD ] 申请赎回失败 
2018/04/16 15:26:37.048 [I] 用户[ 4069C6A5CC2049B891D50162628A0AB2 ] 申请赎回失败 
2018/04/16 15:26:37.112 [I] 用户[ FB279512CC164972BB750162292956D2 ] 申请赎回失败 
2018/04/16 15:26:37.205 [I] 用户[ 5C4FB967A83545E58424016262C06CF5 ] 申请赎回失败 
2018/04/16 15:26:37.274 [I] 用户[ 3E376BA2261243DBAF2101622917152D ] 申请赎回失败 
2018/04/16 15:26:37.364 [I] 用户[ BEAC914BA64B4979A95201626293C0D5 ] 申请赎回失败 
2018/04/16 15:26:37.448 [I] 用户[ 54664ED7993944AFA89A016229210DFA ] 申请赎回失败 
2018/04/16 15:26:37.543 [I] 用户[ 89627FF06C73406693740162629FB588 ] 申请赎回失败 
2018/04/16 15:26:37.616 [I] 用户[ B3CB0321A81346249285016262AE8C96 ] 申请赎回失败 
2018/04/16 15:26:37.679 [I] 用户[ AAF3AAA627514FE78E67016229155974 ] 申请赎回失败 
2018/04/16 15:26:37.748 [I] 用户[ 5133A309DFF8483E95770162629737B6 ] 申请赎回失败 
2018/04/16 15:26:37.819 [I] 用户[ DFCE2812C5524CD080DD016229203F5F ] 申请赎回失败 
2018/04/16 15:26:37.906 [I] 用户[ 619ED8FB01374DFB982501626292E63D ] 申请赎回失败 
2018/04/16 15:26:37.981 [I] 用户[ DCD1388186F8468F9881016229137FFB ] 申请赎回失败 
2018/04/16 15:26:38.060 [I] 用户[ 99D1E519A3FD43A8A0B70162629F82DC ] 申请赎回失败 
2018/04/16 15:26:38.136 [I] 用户[ 6FE263D842C342A1A41D01626295F63B ] 申请赎回失败 
2018/04/16 15:26:38.208 [I] 用户[ A836DEBE917942DD9037016229143B48 ] 申请赎回失败 
2018/04/16 15:26:38.275 [I] 用户[ 9088D797FA6A429BB9FD016262940197 ] 申请赎回失败 
2018/04/16 15:26:38.332 [I] 用户[ 3DEE252CC952429BB5920162629C2512 ] 申请赎回失败 
2018/04/16 15:26:38.404 [I] 用户[ 2627A47625AB45489D6D01622913DF0D ] 申请赎回失败 
2018/04/16 15:26:38.534 [I] 用户[ 6F9D5905165B465CB30E0162292CF29C ] 申请赎回失败 
2018/04/16 15:26:38.590 [I] 用户[ 1CD418B878B64ED793A5016262BAE1D9 ] 申请赎回失败 
2018/04/16 15:26:38.662 [I] 用户[ AD3A9664A904444281BA0162291AAA83 ] 申请赎回失败 
2018/04/16 15:26:38.736 [I] 用户[ B78C942FF1DB4775802E0162291E5CB4 ] 申请赎回失败 
2018/04/16 15:26:38.810 [I] 用户[ E8717904B18D4ED4B58001626297E08E ] 申请赎回失败 
2018/04/16 15:26:38.875 [I] 用户[ 709A8420B6744EF98E8C0162153A1F53 ] 申请赎回失败 
2018/04/16 15:26:38.938 [I] 用户[ 97E032EB3DF440D79AF3016218596E13 ] 申请赎回失败 
2018/04/16 15:26:39.003 [I] 用户[ 170AD5DAB6934596829301622923DAD6 ] 申请赎回失败 
2018/04/16 15:26:39.087 [I] 用户[ 633A004C5F3E4AF89EDB0162291AC988 ] 申请赎回失败 
2018/04/16 15:26:39.154 [I] 用户[ 52EF877342554D1C846E016262C5F750 ] 申请赎回失败 
2018/04/16 15:26:39.217 [I] 用户[ 03D4C752454F4784A0FA01622912A158 ] 申请赎回失败 
2018/04/16 15:26:39.279 [I] 用户[ F449C673C8D94AF6A6290162152CB307 ] 申请赎回失败 
2018/04/16 15:26:39.364 [I] 用户[ 3C46E7E59CC1443AA2F80162628C03D6 ] 申请赎回失败 
2018/04/16 15:26:39.435 [I] 用户[ 51A69DCD95174F29B3FA0162154E05B2 ] 申请赎回失败 
2018/04/16 15:26:39.507 [I] 用户[ 2F6A8771BE154B3190AB01622916B9A8 ] 申请赎回失败 
2018/04/16 15:26:39.579 [I] 用户[ 863EA9C570794ACFB03701621512FA07 ] 申请赎回失败 
2018/04/16 15:26:39.646 [I] 用户[ A91B5F63DEFA4A6BA7DA016229172C71 ] 申请赎回失败 
2018/04/16 15:26:39.721 [I] 用户[ 9605907A9C894656B010016218565793 ] 申请赎回失败 
2018/04/16 15:26:39.793 [I] 用户[ AB5B44FD664C44678E3D0162152CED95 ] 申请赎回失败 
2018/04/16 15:26:39.880 [I] 用户[ 7769844A480748F393BE01622919531D ] 申请赎回失败 
2018/04/16 15:26:39.960 [I] 用户[ C9A75DD236A14E54867D0162150CA357 ] 申请赎回失败 
2018/04/16 15:26:40.051 [I] 用户[ E57157623B894EFFBE070162628D0A16 ] 申请赎回失败 
2018/04/16 15:26:40.128 [I] 用户[ D39ED56E1C4E48CD889901622919B6F3 ] 申请赎回失败 
2018/04/16 15:26:40.190 [I] 用户[ 2C6DD18FFDB7414F8B050162150B484D ] 申请赎回失败 
2018/04/16 15:26:40.266 [I] 用户[ 9FB11BDC65274CF7B47E016262A67125 ] 申请赎回失败 
2018/04/16 15:26:40.338 [I] 用户[ 9C60E992529549EC95EA01622924E5B4 ] 申请赎回失败 
2018/04/16 15:26:40.421 [I] 用户[ 37A243E47CF449A4AE1D016229140BCA ] 申请赎回失败 
2018/04/16 15:26:40.506 [I] 用户[ 95498270DA8B44229F9A0162291DC1CD ] 申请赎回失败 
2018/04/16 15:26:40.577 [I] 用户[ 90EA789DDA5E4AE5ADD7016262A05ABB ] 申请赎回失败 
2018/04/16 15:26:40.637 [I] 用户[ B540465127174E07B3FE016262AC7739 ] 申请赎回失败 
2018/04/16 15:26:40.715 [I] 用户[ 395C1E6A57BB476981200162628CC943 ] 申请赎回失败 
2018/04/16 15:26:40.793 [I] 用户[ 9ECDA5D3334B4FE5A60B01626299E5E5 ] 申请赎回失败 
2018/04/16 15:26:40.873 [I] 用户[ 4F44F8EA79B6415298A70162291A8031 ] 申请赎回失败 
2018/04/16 15:26:40.941 [I] 用户[ 09307ACEB2054F3492090162292B69C1 ] 申请赎回失败 
2018/04/16 15:26:41.017 [I] 用户[ AD913A57CC68436CB7C701622926ACE0 ] 申请赎回失败 
2018/04/16 15:26:41.088 [I] 用户[ B94E44AE600A40B7BD780162291BC125 ] 申请赎回失败 
2018/04/16 15:26:41.163 [I] 用户[ D0A12890C4F24A45AE33016262A987B2 ] 申请赎回失败 
2018/04/16 15:26:41.229 [I] 用户[ E6DB73E7E3EA420AACD101622921C334 ] 申请赎回失败 
2018/04/16 15:26:41.371 [I] 用户[ 2B3D99F3B71C4F6CA424016262ACDE22 ] 申请赎回失败 
2018/04/16 15:26:41.447 [I] 用户[ 801D6218A0BF4ED8AB43016229214AB8 ] 申请赎回失败 
2018/04/16 15:26:41.519 [I] 用户[ FA1D03C59CC642CCB14B01626298D607 ] 申请赎回失败 
2018/04/16 15:26:41.593 [I] 用户[ C7F16416FBAF4BDFBF93016262B3589B ] 申请赎回失败 
2018/04/16 15:26:41.675 [I] 用户[ 551A975972DD46EAA72401621513F821 ] 申请赎回失败 
2018/04/16 15:26:41.740 [I] 用户[ 18A79D66399841A0A40D016215337B70 ] 申请赎回失败 
2018/04/16 15:26:41.813 [I] 用户[ BD5129911273469D8B4D0162629D878B ] 申请赎回失败 
2018/04/16 15:26:41.888 [I] 用户[ F4C9414621B4479EA19C016229120829 ] 申请赎回失败 
2018/04/16 15:26:41.953 [I] 用户[ 44D85D77C47546139C8D016262BA673B ] 申请赎回失败 
2018/04/16 15:26:42.033 [I] 用户[ 90BBFD997FD04979B5DA0162152D17B4 ] 申请赎回失败 
2018/04/16 15:26:42.127 [I] 用户[ 04982C49EEB34F64B3BD0162291CB4F5 ] 申请赎回失败 
2018/04/16 15:26:42.208 [I] 用户[ D51B4480269F4C588BD50162185A4799 ] 申请赎回失败 
2018/04/16 15:26:42.285 [I] 用户[ 9FE995DA0B7D41DD93B0016229273E74 ] 申请赎回失败 
2018/04/16 15:26:42.353 [I] 用户[ AE9540E052DF4A45960701621532750B ] 申请赎回失败 
2018/04/16 15:26:42.427 [I] 用户[ 62934E5A61384F49A33101622911807E ] 申请赎回失败 
2018/04/16 15:26:42.502 [I] 用户[ 351C02BD68D746B88471016262AF197D ] 申请赎回失败 
2018/04/16 15:26:42.575 [I] 用户[ E197F1DEB7EF48D489A40162291E8D5E ] 申请赎回失败 
2018/04/16 15:26:42.643 [I] 用户[ 8B266F65868641FFBE8F0162152B1F7E ] 申请赎回失败 
2018/04/16 15:26:42.713 [I] 用户[ 60B8510811BB46D9B2BD0162628A5105 ] 申请赎回失败 
2018/04/16 15:26:42.786 [I] 用户[ 256229FCAC4A4FCFBE5D0162628DC8C4 ] 申请赎回失败 
2018/04/16 15:26:42.856 [I] 用户[ 4A44BBE8DA044F018BF80162290F62C6 ] 申请赎回失败 
2018/04/16 15:26:42.934 [I] 用户[ 6CC4A052C033483DB4C001622913A969 ] 申请赎回失败 
2018/04/16 15:26:43.007 [I] 用户[ A2C7C789DE344ABEB4C501626293D585 ] 申请赎回失败 
2018/04/16 15:26:43.076 [I] 用户[ F6942D2481C64D099EDC0162152AF624 ] 申请赎回失败 
2018/04/16 15:26:43.148 [I] 用户[ B14E3A9497074940B330016262A031D1 ] 申请赎回失败 
2018/04/16 15:26:43.233 [I] 用户[ B37908C8AB1E4682AE77016262BA8AE1 ] 申请赎回失败 
2018/04/16 15:26:43.300 [I] 用户[ 763461C1EF33413CBAA5016262ACFBEC ] 申请赎回失败 
2018/04/16 15:26:43.379 [I] 用户[ C3FD10BCF4274724BD4C01622919A03C ] 申请赎回失败 
2018/04/16 15:26:43.455 [I] 用户[ ADFB5BE7BB2149C48E6201622928B7A8 ] 申请赎回失败 
2018/04/16 15:26:43.533 [I] 用户[ CC104244E47044E188BE0162151B92EF ] 申请赎回失败 
2018/04/16 15:26:43.600 [I] 用户[ 344B024AA22A43CB82190162291D7E6B ] 申请赎回失败 
2018/04/16 15:26:43.667 [I] 用户[ 897C820BBE7A435A9AD0016262BAB5B6 ] 申请赎回失败 
2018/04/16 15:26:43.736 [I] 用户[ D73E1ECD44F444AF8C9601622926D9C1 ] 申请赎回失败 
2018/04/16 15:26:43.800 [I] 用户[ BEB14020899B4615AAF70162291BAD5E ] 申请赎回失败 
2018/04/16 15:26:43.879 [I] 用户[ 4646156D46544CDCB434016262A7C257 ] 申请赎回失败 
2018/04/16 15:26:43.941 [I] 用户[ 6EF5CEFFE2E24553A12C016262BB91C7 ] 申请赎回失败 
2018/04/16 15:26:44.012 [I] 用户[ 4E4599578AFE4A7ABE2B016262A53056 ] 申请赎回失败 
2018/04/16 15:26:44.079 [I] 用户[ 62994886A31740FC83B60162151455B4 ] 申请赎回失败 
2018/04/16 15:26:44.147 [I] 用户[ B4997A30E79D489095EE01621518F983 ] 申请赎回失败 
2018/04/16 15:26:44.218 [I] 用户[ ACC3DF12EAA94B1588BA016262BC61EB ] 申请赎回失败 
2018/04/16 15:26:44.292 [I] 用户[ DDCA6ACCF2DA4D5EA25801621858B1EE ] 申请赎回失败 
2018/04/16 15:26:44.364 [I] 用户[ D3998A5727624983BE3601622912D593 ] 申请赎回失败 
2018/04/16 15:26:44.429 [I] 用户[ F4616FB0D40C44E0872E0162291244B7 ] 申请赎回失败 
2018/04/16 15:26:44.501 [I] 用户[ 2E2F5BD486444382B765016262875388 ] 申请赎回失败 
2018/04/16 15:26:44.570 [I] 用户[ 49BDAFD0A20D4FF39B9F01621559A5CD ] 申请赎回失败 
2018/04/16 15:26:44.639 [I] 用户[ 542F1960053747F49E640162154DB827 ] 申请赎回失败 
2018/04/16 15:26:44.713 [I] 用户[ 0633ACF79765493CB6950162628C84E2 ] 申请赎回失败 
2018/04/16 15:26:44.804 [I] 用户[ 939839C0F7C84C2FBE790162292657D8 ] 申请赎回失败 
2018/04/16 15:26:44.877 [I] 用户[ 6EA6A8B27791440DB5820162154A87AF ] 申请赎回失败 
2018/04/16 15:26:44.947 [I] 用户[ C5FF01E8110746D38ED80162151C92BD ] 申请赎回失败 
2018/04/16 15:26:45.011 [I] 用户[ C437B4A55E484BB5B98C0162151F10F0 ] 申请赎回失败 
2018/04/16 15:26:45.086 [I] 用户[ AD4C2F6FEC884FDEA5C9016262A73C05 ] 申请赎回失败 
2018/04/16 15:26:45.156 [I] 用户[ FAAD5F57576A493DA16B016262B8EC7A ] 申请赎回失败 
2018/04/16 15:26:45.226 [I] 用户[ E5C0805352B448BCB19C016229201495 ] 申请赎回失败 
2018/04/16 15:26:45.304 [I] 用户[ 80D17D1944CA40B995C30162628F5822 ] 申请赎回失败 
2018/04/16 15:26:45.387 [I] 用户[ 63DC945FF8DA47638733016262BE6D56 ] 申请赎回失败 
2018/04/16 15:26:45.456 [I] 用户[ 3FC38E4293F641A682FE0162291DAC7D ] 申请赎回失败 
2018/04/16 15:26:45.519 [I] 用户[ F2602B07E2164BD7A1920162292D4C1B ] 申请赎回失败 
2018/04/16 15:26:45.594 [I] 用户[ 35197A54D19A48619B760162185C4F70 ] 申请赎回失败 
2018/04/16 15:26:45.664 [I] 用户[ 34CF2318C5904D28986601622911AE45 ] 申请赎回失败 
2018/04/16 15:26:45.736 [I] 用户[ 3CCB7AE595EF4A71846E0162628D6450 ] 申请赎回失败 
2018/04/16 15:26:45.801 [I] 用户[ 001DA07079D2480DB9680162292230A1 ] 申请赎回失败 
2018/04/16 15:26:45.884 [I] 用户[ AEF0E0F6CA374E60BC7A01622922A896 ] 申请赎回失败 
2018/04/16 15:26:45.958 [I] 用户[ 9EB84C70278C4A4FB767016229231CCC ] 申请赎回失败 
2018/04/16 15:26:46.070 [I] 用户[ B5A8078EB8634D6B8A39016262BB2369 ] 申请赎回失败 
2018/04/16 15:26:46.143 [I] 用户[ 658439DDB1D34C289CBD0162153CB343 ] 申请赎回失败 
2018/04/16 15:26:46.206 [I] 用户[ 96EBF583F6244FC28E9E0162628D72F2 ] 申请赎回失败 
2018/04/16 15:26:46.286 [I] 用户[ 1136FE5F02A946968EF60162629FCE0F ] 申请赎回失败 
2018/04/16 15:26:46.355 [I] 用户[ 993C5E5C47A54E97B30A0162154A0E51 ] 申请赎回失败 
2018/04/16 15:26:46.427 [I] 用户[ 671302A58AB947FC9F9C01622915BE23 ] 申请赎回失败 
2018/04/16 15:26:46.496 [I] 用户[ 579096D36D9D4BB38A7C0162291888F5 ] 申请赎回失败 
2018/04/16 15:26:46.570 [I] 用户[ 6B7A46EF1BE841A08B060162151D75E7 ] 申请赎回失败 
2018/04/16 15:26:46.646 [I] 用户[ C63EF47F4C344E01BA16016215465BA2 ] 申请赎回失败 
2018/04/16 15:26:46.717 [I] 用户[ C35C0EAD9BED46929D71016215313A2A ] 申请赎回失败 
2018/04/16 15:26:46.785 [I] 用户[ 46FD3C2DD0C5495C90A6016262C19EE3 ] 申请赎回失败 
2018/04/16 15:26:46.863 [I] 用户[ 3F9B846657AA49CDB41D0162629ED764 ] 申请赎回失败 
2018/04/16 15:26:46.928 [I] 用户[ 2F08151E90A340E8AE210162185C247D ] 申请赎回失败 
2018/04/16 15:26:46.998 [I] 用户[ 0290677C7FB54E299A3C0162185A3235 ] 申请赎回失败 
2018/04/16 15:26:47.067 [I] 用户[ 3EC9FE28FBE742EFA1850162291F51E2 ] 申请赎回失败 
2018/04/16 15:26:47.141 [I] 用户[ D600C2A67C0943719E62016215182B5C ] 申请赎回失败 
2018/04/16 15:26:47.233 [I] 用户[ 96223159A07347FC9427016215491D83 ] 申请赎回失败 
2018/04/16 15:26:47.298 [I] 用户[ 14F7DE11C2CB4CDF823A01622910AE25 ] 申请赎回失败 
2018/04/16 15:26:47.372 [I] 用户[ 05FFC044C1714CEDA3C601626295BFE1 ] 申请赎回失败 
2018/04/16 15:26:47.441 [I] 用户[ 5104C42280884E909C180162628E23A8 ] 申请赎回失败 
2018/04/16 15:26:47.505 [I] 用户[ E267A9563E544D2A9284016229284837 ] 申请赎回失败 
2018/04/16 15:26:47.577 [I] 用户[ CDB478B4AE9E475F887C0162150D2FF2 ] 申请赎回失败 
2018/04/16 15:26:47.631 [I] 用户[ 256F136495D64FC1B7A4016218599D22 ] 申请赎回失败 
2018/04/16 15:26:47.699 [I] 用户[ 12199BF0CA58480292770162629A164F ] 申请赎回失败 
2018/04/16 15:26:47.763 [I] 用户[ FA75EDA2D1C74CB2AE35016262C54349 ] 申请赎回失败 
2018/04/16 15:26:47.833 [I] 用户[ 6CCCD10BE17F4C7D86E80162152914AF ] 申请赎回失败 
2018/04/16 15:26:47.905 [I] 用户[ F559619BB539489EA7AB01626291E179 ] 申请赎回失败 
2018/04/16 15:26:47.971 [I] 用户[ D28229FFB0D54A08B89D016215154968 ] 申请赎回失败 
2018/04/16 15:26:48.042 [I] 用户[ 367F613E72464986AB6F0162290E063A ] 申请赎回失败 
2018/04/16 15:26:48.110 [I] 用户[ BA7961D193A74F769FFF0162291BF311 ] 申请赎回失败 
2018/04/16 15:26:48.175 [I] 用户[ FEE406DDD2B5408899810162290E8033 ] 申请赎回失败 
2018/04/16 15:26:48.238 [I] 用户[ 09AE99D3355146929C240162629DC7B2 ] 申请赎回失败 
2018/04/16 15:26:48.314 [I] 用户[ A0803C845D9F4B0EB07D016229174809 ] 申请赎回失败 
2018/04/16 15:26:48.389 [I] 用户[ 0D86CBA04B6546DB8795016262B33C2E ] 申请赎回失败 
2018/04/16 15:26:48.460 [I] 用户[ 3813808919214D17BCC5016215434EB8 ] 申请赎回失败 
2018/04/16 15:26:48.528 [I] 用户[ 341CE32DBAEF440DA26A016215481B08 ] 申请赎回失败 
2018/04/16 15:26:48.596 [I] 用户[ DECD3DE7C86F41C2A68D01621510DB3B ] 申请赎回失败 
2018/04/16 15:26:48.663 [I] 用户[ A65EFCE6327949A49C0E0162292073EE ] 申请赎回失败 
2018/04/16 15:26:48.720 [I] 用户[ 63FE6F3BFE9146F6AC250162152B377D ] 申请赎回失败 
2018/04/16 15:26:48.799 [I] 用户[ 642FFF3C93644E8CA7F80162628FD4F0 ] 申请赎回失败 
2018/04/16 15:26:48.871 [I] 用户[ FBD8A8A0E7B840B4B27B0162154B6EC2 ] 申请赎回失败 
2018/04/16 15:26:48.928 [I] 用户[ 3F897BD9FF2D42BDB094016215286CA6 ] 申请赎回失败 
2018/04/16 15:30:45.165 [I] 用户[ 87976ABA4F8B47B7BE3B01621520EAF8 ] 申请赎回失败 
